[07/20/2022 14:43:22] Debug: Session id: 93875923-5804-4918-b274-02b6a53bb53d
[07/20/2022 14:43:22] Debug: Code Processor information: Name :SnowConvert, Version: 7.9.154.0
[07/20/2022 14:43:23] Debug: Getting license
[07/20/2022 14:43:23] Debug: License information
	Status: Failed
	Message: No active license available.
[07/20/2022 14:43:23] Info: Starting to validate parameters
[07/20/2022 14:43:23] Info: Parameters to validate: 
	Execution mode: Conversion
[07/20/2022 14:43:23] Info: Validation of parameters: Success
[07/20/2022 14:43:23] Debug: Getting code descriptor
[07/20/2022 14:43:23] Debug: Code descriptor information
	Units: 51
	Units type: LOC
	All file bytes: 2141
	All found extensions: .sql,.dml,.ddl,.bteq,.btq,.fl,.fload,.ml,.mload,.mld,.tp,.tpump,.tpt
[07/20/2022 14:43:23] Debug: Calculating fingerprint
[07/20/2022 14:43:23] Debug: Fingerprint information Fingerprint(size=2141,projects=1)
[07/20/2022 14:43:23] Info: Starting to try to validate online license for execution
[07/20/2022 14:43:25] Debug: Getting license
[07/20/2022 14:43:25] Debug: License information
	Status: Failed
	Message: No active license available.
[07/20/2022 14:43:25] Debug: Starting the execution of the controller
[07/20/2022 14:43:25] Debug: Executing the worker: SnowConvert
[07/20/2022 14:43:40] Debug: Finished executing the worker: SnowConvert
[07/20/2022 14:43:42] Info: Controller execution ended
